<?xml version="1.0" encoding="UTF-8"?>
<testsuite xmlns:xsi="http://www.w3.org/2001/XMLSchema-instance" xsi:noNamespaceSchemaLocation="https://maven.apache.org/surefire/maven-surefire-plugin/xsd/surefire-test-report.xsd" name="TestRunner.TestRun" time="41.224" tests="2" errors="0" skipped="1" failures="0">
  <properties>
[...]
</properties>
  <testcase name="Validate Home page functionalities" classname="Home Page" time="8.963"/>
  <testcase name="placing order" classname="Order placing" time="0">
    <skipped message="TODO: implement me"/>
    <system-out><![CDATA[
Scenario: placing order                                                           &amp#27;[90m# Features/orderplacing.feature:6&amp#27;[0m
  &amp#27;[32mGiven &amp#27;[0m&amp#27;[32muser is on homepage&amp#27;[0m                                                       &amp#27;[90m# StepDefintions.HomepageSteps.user_is_on_homepage()&amp#27;[0m
  &amp#27;[32mWhen &amp#27;[0m&amp#27;[32muser click on a product&amp#27;[0m                                                    &amp#27;[90m# StepDefintions.orderplacingsteps.user_click_on_a_product()&amp#27;[0m
  &amp#27;[32mAnd &amp#27;[0m&amp#27;[32mclick on Buy now button&amp#27;[0m                                                     &amp#27;[90m# StepDefintions.orderplacingsteps.click_on_Buy_now_button()&amp#27;[0m
  &amp#27;[32mThen &amp#27;[0m&amp#27;[32mlogin using username as &amp#27;[0m&amp#27;[32m&amp#27;[1m"banktest@devmail.info"&amp#27;[0m&amp#27;[32m and password as &amp#27;[0m&amp#27;[32m&amp#27;[1m"password"&amp#27;[0m &amp#27;[90m# StepDefintions.orderplacingsteps.login_using_username_as_and_password_as(java.lang.String,java.lang.String)&amp#27;[0m
  &amp#27;[32mAnd &amp#27;[0m&amp#27;[32mclick on login&amp#27;[0m                                                              &amp#27;[90m# StepDefintions.orderplacingsteps.click_on_login()&amp#27;[0m
  &amp#27;[32mThen &amp#27;[0m&amp#27;[32muser should be able to view checkout page with title &amp#27;[0m&amp#27;[32m&amp#27;[1m"Checkout"&amp#27;[0m            &amp#27;[90m# StepDefintions.orderplacingsteps.user_should_be_able_to_view_checkout_page_with_title(java.lang.String)&amp#27;[0m
Direct clicking doesnt work, try alternate method
  &amp#27;[32mWhen &amp#27;[0m&amp#27;[32muser fill details and click on checkout submit&amp#27;[0m                             &amp#27;[90m# StepDefintions.orderplacingsteps.user_fill_details_and_click_on_checkout_submit()&amp#27;[0m
  &amp#27;[33mThen &amp#27;[0m&amp#27;[33morder should be placed and thank you page should be displayed&amp#27;[0m              &amp#27;[90m# StepDefintions.orderplacingsteps.order_should_be_placed_and_thank_you_page_should_be_displayed()&amp#27;[0m
      &amp#27;[33mio.cucumber.java.PendingException: TODO: implement me
	at StepDefintions.orderplacingsteps.order_should_be_placed_and_thank_you_page_should_be_displayed(orderplacingsteps.java:75)
	at ✽.order should be placed and thank you page should be displayed(file:///home/arjun/git/msiteoprepo/MerchantSites_Cucumber/Features/orderplacing.feature:13)
&amp#27;[0m
]]></system-out>
    <system-err><![CDATA[Starting ChromeDriver 100.0.4896.60 (6a5d10861ce8de5fce22564658033b43cb7de047-refs/branch-heads/4896@{#875}) on port 24253
Only local connections are allowed.
Please see https://chromedriver.chromium.org/security-considerations for suggestions on keeping ChromeDriver safe.
ChromeDriver was started successfully.
Apr 22, 2022 2:15:02 PM org.openqa.selenium.remote.ProtocolHandshake createSession
INFO: Detected dialect: W3C
]]></system-err>
  </testcase>
</testsuite>